<?xml version="1.0" encoding="UTF-8"?>
<testng-results ignored="0" total="4" passed="3" failed="1" skipped="0">
  <reporter-output>
  </reporter-output>
  <suite started-at="2024-12-17T13:37:40 PST" name="Surefire suite" finished-at="2024-12-17T13:37:54 PST" duration-ms="14081">
    <groups>
    </groups>
    <test started-at="2024-12-17T13:37:40 PST" name="Surefire test" finished-at="2024-12-17T13:37:54 PST" duration-ms="14081">
      <class name="com.PageObjects.TestCases.ContactUsTest">
        <test-method is-config="true" signature="navigateTourl()[pri:0, instance:com.PageObjects.TestCases.ContactUsTest@75f32542]" started-at="2024-12-17T13:37:40 PST" name="navigateTourl" finished-at="2024-12-17T13:37:42 PST" duration-ms="2459" status="PASS">
          <reporter-output>
          </reporter-output>
        </test-method> <!-- navigateTourl -->
        <test-method signature="verifyTheactualPagetitle()[pri:1, instance:com.PageObjects.TestCases.ContactUsTest@75f32542]" started-at="2024-12-17T13:37:42 PST" name="verifyTheactualPagetitle" finished-at="2024-12-17T13:37:47 PST" duration-ms="4637" status="FAIL">
          <exception class="java.lang.AssertionError">
            <message>
              <![CDATA[expected [Contact Us â€” Get In Touch] but found [Contact Us — Get In Touch]]]>
            </message>
            <full-stacktrace>
              <![CDATA[java.lang.AssertionError: expected [Contact Us â€” Get In Touch] but found [Contact Us — Get In Touch]
at org.testng.Assert.fail(Assert.java:110)
at org.testng.Assert.failNotEquals(Assert.java:1577)
at org.testng.Assert.assertEqualsImpl(Assert.java:149)
at org.testng.Assert.assertEquals(Assert.java:131)
at org.testng.Assert.assertEquals(Assert.java:655)
at org.testng.Assert.assertEquals(Assert.java:665)
at com.PageObjects.TestCases.ContactUsTest.verifyTheactualPagetitle(ContactUsTest.java:26)
at java.base/jdk.internal.reflect.NativeMethodAccessorImpl.invoke0(Native Method)
at java.base/jdk.internal.reflect.NativeMethodAccessorImpl.invoke(NativeMethodAccessorImpl.java:62)
at java.base/jdk.internal.reflect.DelegatingMethodAccessorImpl.invoke(DelegatingMethodAccessorImpl.java:43)
at java.base/java.lang.reflect.Method.invoke(Method.java:567)
at org.testng.internal.invokers.MethodInvocationHelper.invokeMethod(MethodInvocationHelper.java:139)
at org.testng.internal.invokers.TestInvoker.invokeMethod(TestInvoker.java:677)
at org.testng.internal.invokers.TestInvoker.invokeTestMethod(TestInvoker.java:221)
at org.testng.internal.invokers.MethodRunner.runInSequence(MethodRunner.java:50)
at org.testng.internal.invokers.TestInvoker$MethodInvocationAgent.invoke(TestInvoker.java:969)
at org.testng.internal.invokers.TestInvoker.invokeTestMethods(TestInvoker.java:194)
at org.testng.internal.invokers.TestMethodWorker.invokeTestMethods(TestMethodWorker.java:148)
at org.testng.internal.invokers.TestMethodWorker.run(TestMethodWorker.java:128)
at java.base/java.util.ArrayList.forEach(ArrayList.java:1507)
at org.testng.TestRunner.privateRun(TestRunner.java:829)
at org.testng.TestRunner.run(TestRunner.java:602)
at org.testng.SuiteRunner.runTest(SuiteRunner.java:437)
at org.testng.SuiteRunner.runSequentially(SuiteRunner.java:431)
at org.testng.SuiteRunner.privateRun(SuiteRunner.java:391)
at org.testng.SuiteRunner.run(SuiteRunner.java:330)
at org.testng.SuiteRunnerWorker.runSuite(SuiteRunnerWorker.java:52)
at org.testng.SuiteRunnerWorker.run(SuiteRunnerWorker.java:95)
at org.testng.TestNG.runSuitesSequentially(TestNG.java:1256)
at org.testng.TestNG.runSuitesLocally(TestNG.java:1176)
at org.testng.TestNG.runSuites(TestNG.java:1099)
at org.testng.TestNG.run(TestNG.java:1067)
at org.apache.maven.surefire.testng.TestNGExecutor.run(TestNGExecutor.java:155)
at org.apache.maven.surefire.testng.TestNGDirectoryTestSuite.executeSingleClass(TestNGDirectoryTestSuite.java:102)
at org.apache.maven.surefire.testng.TestNGDirectoryTestSuite.execute(TestNGDirectoryTestSuite.java:91)
at org.apache.maven.surefire.testng.TestNGProvider.invoke(TestNGProvider.java:137)
at org.apache.maven.surefire.booter.ForkedBooter.runSuitesInProcess(ForkedBooter.java:385)
at org.apache.maven.surefire.booter.ForkedBooter.execute(ForkedBooter.java:162)
at org.apache.maven.surefire.booter.ForkedBooter.run(ForkedBooter.java:507)
at org.apache.maven.surefire.booter.ForkedBooter.main(ForkedBooter.java:495)
]]>
            </full-stacktrace>
          </exception> <!-- java.lang.AssertionError -->
          <reporter-output>
          </reporter-output>
        </test-method> <!-- verifyTheactualPagetitle -->
        <test-method signature="verifyPagetitlecontainsSpecificvalue()[pri:2, instance:com.PageObjects.TestCases.ContactUsTest@75f32542]" started-at="2024-12-17T13:37:47 PST" name="verifyPagetitlecontainsSpecificvalue" finished-at="2024-12-17T13:37:48 PST" duration-ms="445" status="PASS">
          <reporter-output>
          </reporter-output>
        </test-method> <!-- verifyPagetitlecontainsSpecificvalue -->
        <test-method signature="verifyBodytitle()[pri:3, instance:com.PageObjects.TestCases.ContactUsTest@75f32542]" started-at="2024-12-17T13:37:48 PST" name="verifyBodytitle" finished-at="2024-12-17T13:37:49 PST" duration-ms="1023" status="PASS">
          <reporter-output>
          </reporter-output>
        </test-method> <!-- verifyBodytitle -->
        <test-method signature="verifyContactformIssubmitted()[pri:4, instance:com.PageObjects.TestCases.ContactUsTest@75f32542]" started-at="2024-12-17T13:37:49 PST" name="verifyContactformIssubmitted" finished-at="2024-12-17T13:37:52 PST" duration-ms="3881" status="PASS">
          <reporter-output>
          </reporter-output>
        </test-method> <!-- verifyContactformIssubmitted -->
        <test-method is-config="true" signature="closeDriver()[pri:0, instance:com.PageObjects.TestCases.ContactUsTest@75f32542]" started-at="2024-12-17T13:37:52 PST" name="closeDriver" finished-at="2024-12-17T13:37:54 PST" duration-ms="1518" status="PASS">
          <reporter-output>
          </reporter-output>
        </test-method> <!-- closeDriver -->
      </class> <!-- com.PageObjects.TestCases.ContactUsTest -->
    </test> <!-- Surefire test -->
  </suite> <!-- Surefire suite -->
</testng-results>
